<?xml version="1.0" encoding="UTF-8" ?>
<testsuite errors="0" failures="0" hostname="YT00643" name="service.QuestionServiceTest" skipped="0" tests="16" time="6.758" timestamp="2016-08-18T13:28:49">
  <properties>
    <property name="java.vendor" value="Oracle Corporation" />
    <property name="lib.dir" value="D:\workspace\exam\WebContent\WEB-INF\lib" />
    <property name="sun.java.launcher" value="SUN_STANDARD" />
    <property name="eclipse.pdebuild.templates" value="/D:/Java/eclipse-jee-luna-SR2-win32/eclipse/plugins/org.eclipse.pde.build_3.9.0.v20140415-2029/templates/" />
    <property name="sun.management.compiler" value="HotSpot Client Compiler" />
    <property name="env.PROMPT" value="$P$G" />
    <property name="os.name" value="Windows XP" />
    <property name="env.FP_NO_HOST_CHECK" value="NO" />
    <property name="cobertura.home" value="D:\Java\cobertura-1.9.4.1-bin\cobertura-1.9.4.1" />
    <property name="sun.boot.class.path" value="C:\Program Files\Java\jdk1.7.0_51\jre\lib\resources.jar;C:\Program Files\Java\jdk1.7.0_51\jre\lib\rt.jar;C:\Program Files\Java\jdk1.7.0_51\jre\lib\sunrsasign.jar;C:\Program Files\Java\jdk1.7.0_51\jre\lib\jsse.jar;C:\Program Files\Java\jdk1.7.0_51\jre\lib\jce.jar;C:\Program Files\Java\jdk1.7.0_51\jre\lib\charsets.jar;C:\Program Files\Java\jdk1.7.0_51\jre\lib\jfr.jar;C:\Program Files\Java\jdk1.7.0_51\jre\classes" />
    <property name="env.COMPUTERNAME" value="YT00643" />
    <property name="env.ALLUSERSPROFILE" value="C:\Documents and Settings\All Users" />
    <property name="sun.desktop" value="windows" />
    <property name="java.vm.specification.vendor" value="Oracle Corporation" />
    <property name="ant.home" value="D:\apache-ant-1.9.1" />
    <property name="java.runtime.version" value="1.7.0_51-b13" />
    <property name="env.HOMEPATH" value="\Documents and Settings\milton.ding" />
    <property name="cobertura.dir" value="D:\workspace\exam\build\cobertura" />
    <property name="user.name" value="Milton.Ding" />
    <property name="ant.file.type.testSpring" value="file" />
    <property name="build.dir" value="D:\workspace\exam\build" />
    <property name="user.language" value="zh" />
    <property name="sun.boot.library.path" value="C:\Program Files\Java\jdk1.7.0_51\jre\bin" />
    <property name="build.test.classes" value="D:\workspace\exam\build\test\classes" />
    <property name="build.test.report" value="D:\workspace\exam\build\test\report" />
    <property name="ant.file.testSpring" value="D:\workspace\exam\build.xml" />
    <property name="ant.project.default-target" value="run-test" />
    <property name="build.war.dir" value="D:\workspace\exam\build\war" />
    <property name="ant.project.name" value="testSpring" />
    <property name="java.version" value="1.7.0_51" />
    <property name="env.PROCESSOR_IDENTIFIER" value="x86 Family 6 Model 15 Stepping 13, GenuineIntel" />
    <property name="user.timezone" value="" />
    <property name="env.CLIENTNAME" value="Console" />
    <property name="env.TEMP" value="C:\DOCUME~1\MILTON~1.DIN\LOCALS~1\Temp" />
    <property name="sun.arch.data.model" value="32" />
    <property name="test.src.dir" value="D:\workspace\exam\test" />
    <property name="java.endorsed.dirs" value="C:\Program Files\Java\jdk1.7.0_51\jre\lib\endorsed" />
    <property name="sun.cpu.isalist" value="pentium_pro+mmx pentium_pro pentium+mmx pentium i486 i386 i86" />
    <property name="env.HOMEDRIVE" value="C:" />
    <property name="sun.jnu.encoding" value="GB18030" />
    <property name="file.encoding.pkg" value="sun.io" />
    <property name="file.separator" value="\" />
    <property name="java.specification.name" value="Java Platform API Specification" />
    <property name="test.lib.dir" value="D:\workspace\exam\lib" />
    <property name="java.class.version" value="51.0" />
    <property name="user.country" value="CN" />
    <property name="java.home" value="C:\Program Files\Java\jdk1.7.0_51\jre" />
    <property name="env.APPDATA" value="C:\Documents and Settings\milton.ding\Application Data" />
    <property name="java.vm.info" value="mixed mode, sharing" />
    <property name="env.CATALINA_HOME" value="D:\apache-tomcat-6.0.18" />
    <property name="env.ComSpec" value="C:\WINDOWS\system32\cmd.exe" />
    <property name="env.OS" value="Windows_NT" />
    <property name="env.CommonProgramFiles" value="C:\Program Files\Common Files" />
    <property name="ant.file" value="D:\workspace\exam\build.xml" />
    <property name="os.version" value="5.1" />
    <property name="cobertura.class.dir" value="D:\workspace\exam\build\cobertura\class" />
    <property name="path.separator" value=";" />
    <property name="java.vm.version" value="24.51-b03" />
    <property name="user.variant" value="" />
    <property name="env.USERPROFILE" value="C:\Documents and Settings\milton.ding" />
    <property name="web.dir" value="D:\workspace\exam\WebContent" />
    <property name="ant.library.dir" value="D:\apache-ant-1.9.1\lib" />
    <property name="env.JAVA_HOME" value="C:\Program Files\Java\jdk1.7.0_51" />
    <property name="java.awt.printerjob" value="sun.awt.windows.WPrinterJob" />
    <property name="env.TMP" value="C:\DOCUME~1\MILTON~1.DIN\LOCALS~1\Temp" />
    <property name="sun.io.unicode.encoding" value="UnicodeLittle" />
    <property name="awt.toolkit" value="sun.awt.windows.WToolkit" />
    <property name="user.script" value="" />
    <property name="eclipse.pdebuild.scripts" value="/D:/Java/eclipse-jee-luna-SR2-win32/eclipse/plugins/org.eclipse.pde.build_3.9.0.v20140415-2029/scripts/" />
    <property name="user.home" value="C:\Documents and Settings\milton.ding" />
    <property name="env.SESSIONNAME" value="Console" />
    <property name="java.specification.vendor" value="Oracle Corporation" />
    <property name="env.CLASSPATH" value=".;C:\Program Files\Java\jdk1.7.0_51\lib;C:\Program Files\Java\jdk1.7.0_51\lib\tools.jar" />
    <property name="java.vendor.url" value="http://java.oracle.com/" />
    <property name="java.library.path" value="C:\Program Files\Java\jdk1.7.0_51\jre\bin;C:\WINDOWS\Sun\Java\bin;C:\WINDOWS\system32;C:\WINDOWS;C:/Program Files/Java/jre7/bin/client;C:/Program Files/Java/jre7/bin;C:/Program Files/Java/jre7/lib/i386;C:\WINDOWS\system32;C:\WINDOWS;C:\WINDOWS\System32\Wbem;C:\Program Files\TortoiseSVN\bin;C:\Program Files\Java\jdk1.7.0_51\bin;C:\Program Files\Java\jdk1.7.0_51\jre\bin;C:\Program Files\MySQL\MySQL Server 5.1\bin;C:\Program Files\Git\cmd;C:\Program Files\Git\bin;D:\apache-ant-1.9.1\bin;D:\apache-tomcat-6.0.18\bin;D:\Java\eclipse-jee-luna-SR2-win32\eclipse;;." />
    <property name="env.NUMBER_OF_PROCESSORS" value="2" />
    <property name="env.USERDNSDOMAIN" value="YZ.AUGMENTUM.COM.CN" />
    <property name="java.vm.vendor" value="Oracle Corporation" />
    <property name="cobertura.lib.dir" value="D:\Java\cobertura-1.9.4.1-bin\cobertura-1.9.4.1\lib" />
    <property name="java.runtime.name" value="Java(TM) SE Runtime Environment" />
    <property name="ant.version" value="Apache Ant(TM) version 1.9.1 compiled on May 15 2013" />
    <property name="java.class.path" value="D:\workspace\exam\build\cobertura\class;D:\workspace\exam\build\classes;D:\workspace\exam\build\test\classes;D:\workspace\exam\WebContent\WEB-INF\lib\aopalliance-1.0.jar;D:\workspace\exam\WebContent\WEB-INF\lib\asm-3.0.jar;D:\workspace\exam\WebContent\WEB-INF\lib\asm-tree-3.0.jar;D:\workspace\exam\WebContent\WEB-INF\lib\aspectjrt-1.7.3.jar;D:\workspace\exam\WebContent\WEB-INF\lib\aspectjweaver-1.7.3.jar;D:\workspace\exam\WebContent\WEB-INF\lib\c3p0-0.9.2.1.jar;D:\workspace\exam\WebContent\WEB-INF\lib\cglib-nodep-2.2.jar;D:\workspace\exam\WebContent\WEB-INF\lib\cobertura.jar;D:\workspace\exam\WebContent\WEB-INF\lib\commons-beanutils.jar;D:\workspace\exam\WebContent\WEB-INF\lib\commons-digester-2.0.jar;D:\workspace\exam\WebContent\WEB-INF\lib\commons-logging-1.1.1.jar;D:\workspace\exam\WebContent\WEB-INF\lib\commons-logging.jar;D:\workspace\exam\WebContent\WEB-INF\lib\jackson-core-lgpl-1.8.1.jar;D:\workspace\exam\WebContent\WEB-INF\lib\jackson-mapper-lgpl-1.8.1.jar;D:\workspace\exam\WebContent\WEB-INF\lib\jakarta-oro-2.0.8.jar;D:\workspace\exam\WebContent\WEB-INF\lib\log4j-1.2.13.jar;D:\workspace\exam\WebContent\WEB-INF\lib\mchange-commons-java-0.2.3.4.jar;D:\workspace\exam\WebContent\WEB-INF\lib\mybatis-3.2.0.jar;D:\workspace\exam\WebContent\WEB-INF\lib\mybatis-spring-1.2.0.jar;D:\workspace\exam\WebContent\WEB-INF\lib\mysql-connector-java-5.1.18.jar;D:\workspace\exam\WebContent\WEB-INF\lib\mysql-connector-java-5.1.25.jar;D:\workspace\exam\WebContent\WEB-INF\lib\spring-aop-3.1.1.RELEASE.jar;D:\workspace\exam\WebContent\WEB-INF\lib\spring-asm-3.1.1.RELEASE.jar;D:\workspace\exam\WebContent\WEB-INF\lib\spring-beans-3.1.1.RELEASE.jar;D:\workspace\exam\WebContent\WEB-INF\lib\spring-context-3.1.1.RELEASE.jar;D:\workspace\exam\WebContent\WEB-INF\lib\spring-context-support-3.1.1.RELEASE.jar;D:\workspace\exam\WebContent\WEB-INF\lib\spring-core-3.1.1.RELEASE.jar;D:\workspace\exam\WebContent\WEB-INF\lib\spring-expression-3.1.1.RELEASE.jar;D:\workspace\exam\WebContent\WEB-INF\lib\spring-jdbc-3.1.1.RELEASE.jar;D:\workspace\exam\WebContent\WEB-INF\lib\spring-tx-3.1.1.RELEASE.jar;D:\workspace\exam\WebContent\WEB-INF\lib\spring-web-3.1.1.RELEASE.jar;D:\workspace\exam\WebContent\WEB-INF\lib\spring-webmvc-3.1.1.RELEASE.jar;D:\workspace\exam\WebContent\WEB-INF\lib\xstream-1.4.2.jar;D:\apache-tomcat-6.0.18\lib\annotations-api.jar;D:\apache-tomcat-6.0.18\lib\catalina-ant.jar;D:\apache-tomcat-6.0.18\lib\catalina-ha.jar;D:\apache-tomcat-6.0.18\lib\catalina-tribes.jar;D:\apache-tomcat-6.0.18\lib\catalina.jar;D:\apache-tomcat-6.0.18\lib\el-api.jar;D:\apache-tomcat-6.0.18\lib\jasper-el.jar;D:\apache-tomcat-6.0.18\lib\jasper-jdt.jar;D:\apache-tomcat-6.0.18\lib\jasper.jar;D:\apache-tomcat-6.0.18\lib\jsp-api.jar;D:\apache-tomcat-6.0.18\lib\servlet-api.jar;D:\apache-tomcat-6.0.18\lib\tomcat-coyote.jar;D:\apache-tomcat-6.0.18\lib\tomcat-dbcp.jar;D:\apache-tomcat-6.0.18\lib\tomcat-i18n-es.jar;D:\apache-tomcat-6.0.18\lib\tomcat-i18n-fr.jar;D:\apache-tomcat-6.0.18\lib\tomcat-i18n-ja.jar;D:\workspace\exam\lib\junit-4.6.jar;D:\workspace\exam\lib\org.hamcrest.core_1.3.0.v201303031735.jar;D:\workspace\exam\lib\spring-test-3.2.3.RELEASE.jar;D:\Java\cobertura-1.9.4.1-bin\cobertura-1.9.4.1\lib\asm-3.0.jar;D:\Java\cobertura-1.9.4.1-bin\cobertura-1.9.4.1\lib\asm-tree-3.0.jar;D:\Java\cobertura-1.9.4.1-bin\cobertura-1.9.4.1\lib\jakarta-oro-2.0.8.jar;D:\Java\cobertura-1.9.4.1-bin\cobertura-1.9.4.1\lib\log4j-1.2.9.jar;D:\workspace\exam;C:\Program Files\Java\jdk1.7.0_51\lib;C:\Program Files\Java\jdk1.7.0_51\lib\tools.jar;D:\apache-ant-1.9.1\lib\ant-launcher.jar;D:\apache-ant-1.9.1\lib\ant.jar;D:\apache-ant-1.9.1\lib\ant-junit.jar;D:\apache-ant-1.9.1\lib\ant-junit4.jar" />
    <property name="sun.java.command" value="org.apache.tools.ant.taskdefs.optional.junit.JUnitTestRunner service.QuestionServiceTest filtertrace=true haltOnError=false haltOnFailure=false showoutput=false outputtoformatters=true logfailedtests=true logtestlistenerevents=false formatter=org.apache.tools.ant.taskdefs.optional.junit.XMLJUnitResultFormatter,D:\workspace\exam\build\test\report\TEST-service.QuestionServiceTest.xml crashfile=D:\workspace\exam\junitvmwatcher1986170580258561084.properties propsfile=D:\workspace\exam\junit3283645532497178597.properties" />
    <property name="cobertura.html.dir" value="D:\workspace\exam\build\cobertura\html" />
    <property name="java.vm.specification.name" value="Java Virtual Machine Specification" />
    <property name="build.doc.dir" value="D:\workspace\exam\build\doc" />
    <property name="env.windir" value="C:\WINDOWS" />
    <property name="env.LOGONSERVER" value="\\AD" />
    <property name="env.PROCESSOR_ARCHITECTURE" value="x86" />
    <property name="java.vm.specification.version" value="1.7" />
    <property name="build.classes" value="D:\workspace\exam\build\classes" />
    <property name="sun.os.patch.level" value="Service Pack 3" />
    <property name="sun.cpu.endian" value="little" />
    <property name="env.ANT_HOME" value="D:\apache-ant-1.9.1" />
    <property name="env.ProgramFiles" value="C:\Program Files" />
    <property name="eclipse.pdebuild.home" value="/D:/Java/eclipse-jee-luna-SR2-win32/eclipse/plugins/org.eclipse.pde.build_3.9.0.v20140415-2029/./" />
    <property name="java.io.tmpdir" value="C:\DOCUME~1\MILTON~1.DIN\LOCALS~1\Temp\" />
    <property name="env.PROCESSOR_REVISION" value="0f0d" />
    <property name="java.vendor.url.bug" value="http://bugreport.sun.com/bugreport/" />
    <property name="env.SystemRoot" value="C:\WINDOWS" />
    <property name="conf.dir" value="D:\workspace\exam\config" />
    <property name="java.awt.graphicsenv" value="sun.awt.Win32GraphicsEnvironment" />
    <property name="os.arch" value="x86" />
    <property name="java.ext.dirs" value="C:\Program Files\Java\jdk1.7.0_51\jre\lib\ext;C:\WINDOWS\Sun\Java\lib\ext" />
    <property name="user.dir" value="D:\workspace\exam" />
    <property name="line.separator" value="&#xd;&#xa;" />
    <property name="build.test.dir" value="D:\workspace\exam\build\test" />
    <property name="java.vm.name" value="Java HotSpot(TM) Client VM" />
    <property name="env.PATHEXT" value=".COM;.EXE;.BAT;.CMD;.VBS;.VBE;.JS;.JSE;.WSF;.WSH" />
    <property name="env.Path" value="C:/Program Files/Java/jre7/bin/client;C:/Program Files/Java/jre7/bin;C:/Program Files/Java/jre7/lib/i386;C:\WINDOWS\system32;C:\WINDOWS;C:\WINDOWS\System32\Wbem;C:\Program Files\TortoiseSVN\bin;C:\Program Files\Java\jdk1.7.0_51\bin;C:\Program Files\Java\jdk1.7.0_51\jre\bin;C:\Program Files\MySQL\MySQL Server 5.1\bin;C:\Program Files\Git\cmd;C:\Program Files\Git\bin;D:\apache-ant-1.9.1\bin;D:\apache-tomcat-6.0.18\bin;D:\Java\eclipse-jee-luna-SR2-win32\eclipse;" />
    <property name="basedir" value="D:\workspace\exam" />
    <property name="ant.java.version" value="1.7" />
    <property name="ant.core.lib" value="D:\apache-ant-1.9.1\lib\ant.jar" />
    <property name="env.USERNAME" value="Milton.Ding" />
    <property name="env.SystemDrive" value="C:" />
    <property name="file.encoding" value="GB18030" />
    <property name="env.USERDOMAIN" value="YZ" />
    <property name="java.specification.version" value="1.7" />
    <property name="src.dir" value="D:\workspace\exam\src" />
    <property name="ant.project.invoked-targets" value="run-test" />
    <property name="env.PROCESSOR_LEVEL" value="6" />
  </properties>
  <testcase classname="service.QuestionServiceTest" name="testEditQuestionCorrect" time="6.322" />
  <testcase classname="service.QuestionServiceTest" name="testqueryQuestionByIdWrong" time="0.046" />
  <testcase classname="service.QuestionServiceTest" name="testqueryQuestionByIdCorrcet" time="0.063" />
  <testcase classname="service.QuestionServiceTest" name="testCreateQuestionCorrect" time="0.015" />
  <testcase classname="service.QuestionServiceTest" name="testGetQuestionQtyByKeyWord" time="0.016" />
  <testcase classname="service.QuestionServiceTest" name="testFindQuestionsPagingAll" time="0.031" />
  <testcase classname="service.QuestionServiceTest" name="testFindQuestionsPagingPageSize" time="0.031" />
  <testcase classname="service.QuestionServiceTest" name="testCreateQuestionWithException" time="0.0" />
  <testcase classname="service.QuestionServiceTest" name="testGetQuestionQtyByIdFalse" time="0.016" />
  <testcase classname="service.QuestionServiceTest" name="testGetQuestionQtyByIdTure" time="0.016" />
  <testcase classname="service.QuestionServiceTest" name="testUpdateQuestionAvailableCorrect" time="0.0" />
  <testcase classname="service.QuestionServiceTest" name="testEditQuestionWithException" time="0.015" />
  <testcase classname="service.QuestionServiceTest" name="testFindQuestionsPagingTwo" time="0.031" />
  <testcase classname="service.QuestionServiceTest" name="testFindQuestionsPagingThree" time="0.016" />
  <testcase classname="service.QuestionServiceTest" name="testFindQuestionsPagingWrong" time="0.016" />
  <testcase classname="service.QuestionServiceTest" name="testUpdateQuestionAvailableWrong" time="0.015" />
  <system-out><![CDATA[150.............
null
com.augmentun.exam.model.Question@68a5c6
151.............
5.............
5..................
5..................
false.............
true.............
true.............
23..................
10..................
[]..................
false.............
]]></system-out>
  <system-err><![CDATA[com.augmentun.exam.exception.ParamterException
	at com.augmentun.exam.service.impl.QuestionServiceImpl.createQuestion(QuestionServiceImpl.java:45)
	at sun.reflect.NativeMethodAccessorImpl.invoke0(Native Method)
	at sun.reflect.NativeMethodAccessorImpl.invoke(NativeMethodAccessorImpl.java:57)
	at sun.reflect.DelegatingMethodAccessorImpl.invoke(DelegatingMethodAccessorImpl.java:43)
	at java.lang.reflect.Method.invoke(Method.java:606)
	at org.springframework.aop.support.AopUtils.invokeJoinpointUsingReflection(AopUtils.java:318)
	at org.springframework.aop.framework.ReflectiveMethodInvocation.invokeJoinpoint(ReflectiveMethodInvocation.java:183)
	at org.springframework.aop.framework.ReflectiveMethodInvocation.proceed(ReflectiveMethodInvocation.java:150)
	at org.springframework.aop.aspectj.MethodInvocationProceedingJoinPoint.proceed(MethodInvocationProceedingJoinPoint.java:80)
	at com.augmentun.exam.common.LogMethodTimeAspect.doAround(LogMethodTimeAspect.java:16)
	at sun.reflect.NativeMethodAccessorImpl.invoke0(Native Method)
	at sun.reflect.NativeMethodAccessorImpl.invoke(NativeMethodAccessorImpl.java:57)
	at sun.reflect.DelegatingMethodAccessorImpl.invoke(DelegatingMethodAccessorImpl.java:43)
	at java.lang.reflect.Method.invoke(Method.java:606)
	at org.springframework.aop.aspectj.AbstractAspectJAdvice.invokeAdviceMethodWithGivenArgs(AbstractAspectJAdvice.java:621)
	at org.springframework.aop.aspectj.AbstractAspectJAdvice.invokeAdviceMethod(AbstractAspectJAdvice.java:610)
	at org.springframework.aop.aspectj.AspectJAroundAdvice.invoke(AspectJAroundAdvice.java:65)
	at org.springframework.aop.framework.ReflectiveMethodInvocation.proceed(ReflectiveMethodInvocation.java:172)
	at org.springframework.aop.aspectj.AspectJAfterAdvice.invoke(AspectJAfterAdvice.java:42)
	at org.springframework.aop.framework.ReflectiveMethodInvocation.proceed(ReflectiveMethodInvocation.java:172)
	at org.springframework.aop.aspectj.AspectJAfterThrowingAdvice.invoke(AspectJAfterThrowingAdvice.java:55)
	at org.springframework.aop.framework.ReflectiveMethodInvocation.proceed(ReflectiveMethodInvocation.java:172)
	at org.springframework.aop.framework.adapter.MethodBeforeAdviceInterceptor.invoke(MethodBeforeAdviceInterceptor.java:50)
	at org.springframework.aop.framework.ReflectiveMethodInvocation.proceed(ReflectiveMethodInvocation.java:172)
	at org.springframework.transaction.interceptor.TransactionInterceptor.invoke(TransactionInterceptor.java:110)
	at org.springframework.aop.framework.ReflectiveMethodInvocation.proceed(ReflectiveMethodInvocation.java:172)
	at org.springframework.aop.interceptor.ExposeInvocationInterceptor.invoke(ExposeInvocationInterceptor.java:90)
	at org.springframework.aop.framework.ReflectiveMethodInvocation.proceed(ReflectiveMethodInvocation.java:172)
	at org.springframework.aop.framework.JdkDynamicAopProxy.invoke(JdkDynamicAopProxy.java:202)
	at com.sun.proxy.$Proxy15.createQuestion(Unknown Source)
	at service.QuestionServiceTest.testCreateQuestionWithException(Unknown Source)
	at sun.reflect.NativeMethodAccessorImpl.invoke0(Native Method)
	at sun.reflect.NativeMethodAccessorImpl.invoke(NativeMethodAccessorImpl.java:57)
	at sun.reflect.DelegatingMethodAccessorImpl.invoke(DelegatingMethodAccessorImpl.java:43)
	at java.lang.reflect.Method.invoke(Method.java:606)
	at org.junit.runners.model.FrameworkMethod$1.runReflectiveCall(FrameworkMethod.java:44)
	at org.junit.internal.runners.model.ReflectiveCallable.run(ReflectiveCallable.java:15)
	at org.junit.runners.model.FrameworkMethod.invokeExplosively(FrameworkMethod.java:41)
	at org.junit.internal.runners.statements.InvokeMethod.evaluate(InvokeMethod.java:20)
	at org.junit.internal.runners.statements.RunBefores.evaluate(RunBefores.java:28)
	at org.springframework.test.context.junit4.statements.RunBeforeTestMethodCallbacks.evaluate(RunBeforeTestMethodCallbacks.java:74)
	at org.junit.internal.runners.statements.RunAfters.evaluate(RunAfters.java:31)
	at org.springframework.test.context.junit4.statements.RunAfterTestMethodCallbacks.evaluate(RunAfterTestMethodCallbacks.java:83)
	at org.springframework.test.context.junit4.statements.SpringRepeat.evaluate(SpringRepeat.java:72)
	at org.springframework.test.context.junit4.SpringJUnit4ClassRunner.runChild(SpringJUnit4ClassRunner.java:231)
	at org.springframework.test.context.junit4.SpringJUnit4ClassRunner.runChild(SpringJUnit4ClassRunner.java:88)
	at org.junit.runners.ParentRunner.runChildren(ParentRunner.java:180)
	at org.junit.runners.ParentRunner.access$000(ParentRunner.java:41)
	at org.junit.runners.ParentRunner$1.evaluate(ParentRunner.java:173)
	at org.junit.internal.runners.statements.RunBefores.evaluate(RunBefores.java:28)
	at org.springframework.test.context.junit4.statements.RunBeforeTestClassCallbacks.evaluate(RunBeforeTestClassCallbacks.java:61)
	at org.junit.internal.runners.statements.RunAfters.evaluate(RunAfters.java:31)
	at org.springframework.test.context.junit4.statements.RunAfterTestClassCallbacks.evaluate(RunAfterTestClassCallbacks.java:71)
	at org.junit.runners.ParentRunner.run(ParentRunner.java:220)
	at org.springframework.test.context.junit4.SpringJUnit4ClassRunner.run(SpringJUnit4ClassRunner.java:174)
	at junit.framework.JUnit4TestAdapter.run(JUnit4TestAdapter.java:39)
	at org.apache.tools.ant.taskdefs.optional.junit.JUnitTestRunner.run(JUnitTestRunner.java:523)
	at org.apache.tools.ant.taskdefs.optional.junit.JUnitTestRunner.launch(JUnitTestRunner.java:1063)
	at org.apache.tools.ant.taskdefs.optional.junit.JUnitTestRunner.main(JUnitTestRunner.java:914)
com.augmentun.exam.exception.ParamterException
	at com.augmentun.exam.service.impl.QuestionServiceImpl.editQuestion(QuestionServiceImpl.java:68)
	at sun.reflect.NativeMethodAccessorImpl.invoke0(Native Method)
	at sun.reflect.NativeMethodAccessorImpl.invoke(NativeMethodAccessorImpl.java:57)
	at sun.reflect.DelegatingMethodAccessorImpl.invoke(DelegatingMethodAccessorImpl.java:43)
	at java.lang.reflect.Method.invoke(Method.java:606)
	at org.springframework.aop.support.AopUtils.invokeJoinpointUsingReflection(AopUtils.java:318)
	at org.springframework.aop.framework.ReflectiveMethodInvocation.invokeJoinpoint(ReflectiveMethodInvocation.java:183)
	at org.springframework.aop.framework.ReflectiveMethodInvocation.proceed(ReflectiveMethodInvocation.java:150)
	at org.springframework.aop.aspectj.MethodInvocationProceedingJoinPoint.proceed(MethodInvocationProceedingJoinPoint.java:80)
	at com.augmentun.exam.common.LogMethodTimeAspect.doAround(LogMethodTimeAspect.java:16)
	at sun.reflect.NativeMethodAccessorImpl.invoke0(Native Method)
	at sun.reflect.NativeMethodAccessorImpl.invoke(NativeMethodAccessorImpl.java:57)
	at sun.reflect.DelegatingMethodAccessorImpl.invoke(DelegatingMethodAccessorImpl.java:43)
	at java.lang.reflect.Method.invoke(Method.java:606)
	at org.springframework.aop.aspectj.AbstractAspectJAdvice.invokeAdviceMethodWithGivenArgs(AbstractAspectJAdvice.java:621)
	at org.springframework.aop.aspectj.AbstractAspectJAdvice.invokeAdviceMethod(AbstractAspectJAdvice.java:610)
	at org.springframework.aop.aspectj.AspectJAroundAdvice.invoke(AspectJAroundAdvice.java:65)
	at org.springframework.aop.framework.ReflectiveMethodInvocation.proceed(ReflectiveMethodInvocation.java:172)
	at org.springframework.aop.aspectj.AspectJAfterAdvice.invoke(AspectJAfterAdvice.java:42)
	at org.springframework.aop.framework.ReflectiveMethodInvocation.proceed(ReflectiveMethodInvocation.java:172)
	at org.springframework.aop.aspectj.AspectJAfterThrowingAdvice.invoke(AspectJAfterThrowingAdvice.java:55)
	at org.springframework.aop.framework.ReflectiveMethodInvocation.proceed(ReflectiveMethodInvocation.java:172)
	at org.springframework.aop.framework.adapter.MethodBeforeAdviceInterceptor.invoke(MethodBeforeAdviceInterceptor.java:50)
	at org.springframework.aop.framework.ReflectiveMethodInvocation.proceed(ReflectiveMethodInvocation.java:172)
	at org.springframework.transaction.interceptor.TransactionInterceptor.invoke(TransactionInterceptor.java:110)
	at org.springframework.aop.framework.ReflectiveMethodInvocation.proceed(ReflectiveMethodInvocation.java:172)
	at org.springframework.aop.interceptor.ExposeInvocationInterceptor.invoke(ExposeInvocationInterceptor.java:90)
	at org.springframework.aop.framework.ReflectiveMethodInvocation.proceed(ReflectiveMethodInvocation.java:172)
	at org.springframework.aop.framework.JdkDynamicAopProxy.invoke(JdkDynamicAopProxy.java:202)
	at com.sun.proxy.$Proxy15.editQuestion(Unknown Source)
	at service.QuestionServiceTest.testEditQuestionWithException(Unknown Source)
	at sun.reflect.NativeMethodAccessorImpl.invoke0(Native Method)
	at sun.reflect.NativeMethodAccessorImpl.invoke(NativeMethodAccessorImpl.java:57)
	at sun.reflect.DelegatingMethodAccessorImpl.invoke(DelegatingMethodAccessorImpl.java:43)
	at java.lang.reflect.Method.invoke(Method.java:606)
	at org.junit.runners.model.FrameworkMethod$1.runReflectiveCall(FrameworkMethod.java:44)
	at org.junit.internal.runners.model.ReflectiveCallable.run(ReflectiveCallable.java:15)
	at org.junit.runners.model.FrameworkMethod.invokeExplosively(FrameworkMethod.java:41)
	at org.junit.internal.runners.statements.InvokeMethod.evaluate(InvokeMethod.java:20)
	at org.junit.internal.runners.statements.RunBefores.evaluate(RunBefores.java:28)
	at org.springframework.test.context.junit4.statements.RunBeforeTestMethodCallbacks.evaluate(RunBeforeTestMethodCallbacks.java:74)
	at org.junit.internal.runners.statements.RunAfters.evaluate(RunAfters.java:31)
	at org.springframework.test.context.junit4.statements.RunAfterTestMethodCallbacks.evaluate(RunAfterTestMethodCallbacks.java:83)
	at org.springframework.test.context.junit4.statements.SpringRepeat.evaluate(SpringRepeat.java:72)
	at org.springframework.test.context.junit4.SpringJUnit4ClassRunner.runChild(SpringJUnit4ClassRunner.java:231)
	at org.springframework.test.context.junit4.SpringJUnit4ClassRunner.runChild(SpringJUnit4ClassRunner.java:88)
	at org.junit.runners.ParentRunner.runChildren(ParentRunner.java:180)
	at org.junit.runners.ParentRunner.access$000(ParentRunner.java:41)
	at org.junit.runners.ParentRunner$1.evaluate(ParentRunner.java:173)
	at org.junit.internal.runners.statements.RunBefores.evaluate(RunBefores.java:28)
	at org.springframework.test.context.junit4.statements.RunBeforeTestClassCallbacks.evaluate(RunBeforeTestClassCallbacks.java:61)
	at org.junit.internal.runners.statements.RunAfters.evaluate(RunAfters.java:31)
	at org.springframework.test.context.junit4.statements.RunAfterTestClassCallbacks.evaluate(RunAfterTestClassCallbacks.java:71)
	at org.junit.runners.ParentRunner.run(ParentRunner.java:220)
	at org.springframework.test.context.junit4.SpringJUnit4ClassRunner.run(SpringJUnit4ClassRunner.java:174)
	at junit.framework.JUnit4TestAdapter.run(JUnit4TestAdapter.java:39)
	at org.apache.tools.ant.taskdefs.optional.junit.JUnitTestRunner.run(JUnitTestRunner.java:523)
	at org.apache.tools.ant.taskdefs.optional.junit.JUnitTestRunner.launch(JUnitTestRunner.java:1063)
	at org.apache.tools.ant.taskdefs.optional.junit.JUnitTestRunner.main(JUnitTestRunner.java:914)
]]></system-err>
</testsuite>
